<?xml version="1.0" encoding="UTF-8"?>
<!-- Generated by org.testng.reporters.JUnitReportReporter -->
<testsuite hostname="LAPTOP-08Q2RNOV" failures="0" tests="7" name="com.norton.qa.tests.AccountPageTest" time="3.324" errors="0" timestamp="2023-07-30T11:05:41 EDT" skipped="0">
  <testcase classname="com.norton.qa.tests.AccountPageTest" name="AccountPageTitleTest" time="0.373"/>
  <testcase classname="com.norton.qa.tests.AccountPageTest" name="AccountPageHeaderTitleTest" time="0.066"/>
  <testcase classname="com.norton.qa.tests.AccountPageTest" name="isLogoutLinkExistTest" time="0.159"/>
  <testcase classname="com.norton.qa.tests.AccountPageTest" name="isManageSubscriptionLinkExisteTest" time="0.108"/>
  <testcase classname="com.norton.qa.tests.AccountPageTest" name="isViewAddressLinkExisteTest" time="0.125"/>
  <testcase classname="com.norton.qa.tests.AccountPageTest" name="issearchfieldExistTest" time="0.117"/>
  <testcase classname="com.norton.qa.tests.AccountPageTest" name="dosearchTest" time="2.376"/>
</testsuite> <!-- com.norton.qa.tests.AccountPageTest -->
